<?xml version="1.0" encoding="UTF-8"?>
<coverage generated="1642522644">
  <project timestamp="1642522644">
    <file name="/Users/mlantz/Code/_open_source/Grafite/Html/src/HtmlAssets.php">
      <class name="Grafite\Html\HtmlAssets" namespace="global">
        <metrics complexity="15" methods="7" coveredmethods="2" conditionals="0" coveredconditionals="0" statements="35" coveredstatements="8" elements="42" coveredelements="10"/>
      </class>
      <line num="23" type="method" name="render" visibility="public" complexity="1" crap="2" count="0"/>
      <line num="25" type="stmt" count="0"/>
      <line num="27" type="stmt" count="0"/>
      <line num="28" type="stmt" count="0"/>
      <line num="30" type="stmt" count="0"/>
      <line num="39" type="method" name="addStylesheets" visibility="public" complexity="2" crap="6" count="0"/>
      <line num="41" type="stmt" count="0"/>
      <line num="42" type="stmt" count="0"/>
      <line num="45" type="stmt" count="0"/>
      <line num="54" type="method" name="addScripts" visibility="public" complexity="2" crap="2.15" count="19"/>
      <line num="56" type="stmt" count="19"/>
      <line num="57" type="stmt" count="0"/>
      <line num="60" type="stmt" count="19"/>
      <line num="69" type="method" name="addStyles" visibility="public" complexity="2" crap="2" count="19"/>
      <line num="71" type="stmt" count="19"/>
      <line num="72" type="stmt" count="19"/>
      <line num="75" type="stmt" count="19"/>
      <line num="84" type="method" name="addJs" visibility="public" complexity="2" crap="2" count="19"/>
      <line num="86" type="stmt" count="19"/>
      <line num="87" type="stmt" count="19"/>
      <line num="90" type="stmt" count="19"/>
      <line num="93" type="method" name="compileStyles" visibility="protected" complexity="3" crap="12" count="0"/>
      <line num="95" type="stmt" count="0"/>
      <line num="97" type="stmt" count="0"/>
      <line num="98" type="stmt" count="0"/>
      <line num="99" type="stmt" count="0"/>
      <line num="101" type="stmt" count="0"/>
      <line num="102" type="stmt" count="0"/>
      <line num="103" type="stmt" count="0"/>
      <line num="106" type="stmt" count="0"/>
      <line num="109" type="stmt" count="0"/>
      <line num="112" type="method" name="compileScripts" visibility="protected" complexity="3" crap="12" count="0"/>
      <line num="114" type="stmt" count="0"/>
      <line num="116" type="stmt" count="0"/>
      <line num="117" type="stmt" count="0"/>
      <line num="118" type="stmt" count="0"/>
      <line num="120" type="stmt" count="0"/>
      <line num="121" type="stmt" count="0"/>
      <line num="122" type="stmt" count="0"/>
      <line num="125" type="stmt" count="0"/>
      <line num="127" type="stmt" count="0"/>
      <line num="130" type="stmt" count="0"/>
      <metrics loc="132" ncloc="103" classes="1" methods="7" coveredmethods="2" conditionals="0" coveredconditionals="0" statements="35" coveredstatements="8" elements="42" coveredelements="10"/>
    </file>
    <file name="/Users/mlantz/Code/_open_source/Grafite/Html/src/HtmlProvider.php">
      <class name="Grafite\Html\HtmlProvider" namespace="global">
        <metrics complexity="2" methods="2" coveredmethods="1" conditionals="0" coveredconditionals="0" statements="16" coveredstatements="13" elements="18" coveredelements="14"/>
      </class>
      <line num="15" type="method" name="boot" visibility="public" complexity="1" crap="1.02" count="20"/>
      <line num="17" type="stmt" count="20"/>
      <line num="18" type="stmt" count="20"/>
      <line num="21" type="stmt" count="20"/>
      <line num="22" type="stmt" count="0"/>
      <line num="23" type="stmt" count="20"/>
      <line num="25" type="stmt" count="20"/>
      <line num="26" type="stmt" count="0"/>
      <line num="27" type="stmt" count="20"/>
      <line num="29" type="stmt" count="20"/>
      <line num="30" type="stmt" count="0"/>
      <line num="31" type="stmt" count="20"/>
      <line num="32" type="stmt" count="20"/>
      <line num="39" type="method" name="register" visibility="public" complexity="1" crap="1" count="20"/>
      <line num="41" type="stmt" count="20"/>
      <line num="42" type="stmt" count="19"/>
      <line num="43" type="stmt" count="20"/>
      <line num="44" type="stmt" count="20"/>
      <metrics loc="45" ncloc="35" classes="1" methods="2" coveredmethods="1" conditionals="0" coveredconditionals="0" statements="16" coveredstatements="13" elements="18" coveredelements="14"/>
    </file>
    <file name="/Users/mlantz/Code/_open_source/Grafite/Html/src/Tags/Alert.php">
      <class name="Grafite\Html\Tags\Alert" namespace="global">
        <metrics complexity="8" methods="4" coveredmethods="2" conditionals="0" coveredconditionals="0" statements="26" coveredstatements="19" elements="30" coveredelements="21"/>
      </class>
      <line num="13" type="method" name="background" visibility="public" complexity="1" crap="1" count="1"/>
      <line num="15" type="stmt" count="1"/>
      <line num="17" type="stmt" count="1"/>
      <line num="20" type="method" name="heading" visibility="public" complexity="1" crap="1" count="1"/>
      <line num="22" type="stmt" count="1"/>
      <line num="24" type="stmt" count="1"/>
      <line num="27" type="method" name="dismiss" visibility="public" complexity="1" crap="2" count="0"/>
      <line num="29" type="stmt" count="0"/>
      <line num="31" type="stmt" count="0"/>
      <line num="34" type="method" name="process" visibility="public" complexity="5" crap="5.39" count="1"/>
      <line num="36" type="stmt" count="1"/>
      <line num="37" type="stmt" count="1"/>
      <line num="38" type="stmt" count="1"/>
      <line num="40" type="stmt" count="1"/>
      <line num="41" type="stmt" count="1"/>
      <line num="42" type="stmt" count="1"/>
      <line num="44" type="stmt" count="1"/>
      <line num="45" type="stmt" count="0"/>
      <line num="48" type="stmt" count="1"/>
      <line num="49" type="stmt" count="1"/>
      <line num="52" type="stmt" count="1"/>
      <line num="53" type="stmt" count="0"/>
      <line num="55" type="stmt" count="0"/>
      <line num="56" type="stmt" count="0"/>
      <line num="60" type="stmt" count="0"/>
      <line num="61" type="stmt" count="1"/>
      <line num="62" type="stmt" count="1"/>
      <line num="63" type="stmt" count="1"/>
      <line num="64" type="stmt" count="1"/>
      <line num="67" type="stmt" count="1"/>
      <metrics loc="68" ncloc="68" classes="1" methods="4" coveredmethods="2" conditionals="0" coveredconditionals="0" statements="26" coveredstatements="19" elements="30" coveredelements="21"/>
    </file>
    <file name="/Users/mlantz/Code/_open_source/Grafite/Html/src/Tags/Breadcrumbs.php">
      <class name="Grafite\Html\Tags\Breadcrumbs" namespace="global">
        <metrics complexity="4" methods="2" coveredmethods="0" conditionals="0" coveredconditionals="0" statements="12" coveredstatements="10" elements="14" coveredelements="10"/>
      </class>
      <line num="9" type="method" name="process" visibility="public" complexity="1" crap="1.01" count="1"/>
      <line num="11" type="stmt" count="1"/>
      <line num="14" type="stmt" count="0"/>
      <line num="15" type="stmt" count="1"/>
      <line num="17" type="stmt" count="1"/>
      <line num="21" type="stmt" count="1"/>
      <line num="23" type="method" name="processLinks" visibility="public" complexity="3" crap="3.03" count="1"/>
      <line num="25" type="stmt" count="1"/>
      <line num="26" type="stmt" count="1"/>
      <line num="28" type="stmt" count="1"/>
      <line num="29" type="stmt" count="1"/>
      <line num="30" type="stmt" count="0"/>
      <line num="33" type="stmt" count="1"/>
      <line num="36" type="stmt" count="1"/>
      <metrics loc="38" ncloc="38" classes="1" methods="2" coveredmethods="0" conditionals="0" coveredconditionals="0" statements="12" coveredstatements="10" elements="14" coveredelements="10"/>
    </file>
    <file name="/Users/mlantz/Code/_open_source/Grafite/Html/src/Tags/Card.php">
      <class name="Grafite\Html\Tags\Card" namespace="global">
        <metrics complexity="13" methods="7" coveredmethods="4" conditionals="0" coveredconditionals="0" statements="34" coveredstatements="29" elements="41" coveredelements="33"/>
      </class>
      <line num="17" type="method" name="body" visibility="public" complexity="1" crap="1" count="1"/>
      <line num="19" type="stmt" count="1"/>
      <line num="21" type="stmt" count="1"/>
      <line num="24" type="method" name="title" visibility="public" complexity="1" crap="1" count="1"/>
      <line num="26" type="stmt" count="1"/>
      <line num="28" type="stmt" count="1"/>
      <line num="31" type="method" name="header" visibility="public" complexity="1" crap="1" count="1"/>
      <line num="33" type="stmt" count="1"/>
      <line num="35" type="stmt" count="1"/>
      <line num="38" type="method" name="footer" visibility="public" complexity="1" crap="2" count="0"/>
      <line num="40" type="stmt" count="0"/>
      <line num="42" type="stmt" count="0"/>
      <line num="45" type="method" name="image" visibility="public" complexity="1" crap="1" count="1"/>
      <line num="47" type="stmt" count="1"/>
      <line num="48" type="stmt" count="1"/>
      <line num="50" type="stmt" count="1"/>
      <line num="53" type="method" name="shadow" visibility="public" complexity="1" crap="2" count="0"/>
      <line num="55" type="stmt" count="0"/>
      <line num="57" type="stmt" count="0"/>
      <line num="60" type="method" name="process" visibility="public" complexity="7" crap="7" count="1"/>
      <line num="62" type="stmt" count="1"/>
      <line num="63" type="stmt" count="1"/>
      <line num="64" type="stmt" count="1"/>
      <line num="65" type="stmt" count="1"/>
      <line num="66" type="stmt" count="1"/>
      <line num="67" type="stmt" count="1"/>
      <line num="68" type="stmt" count="1"/>
      <line num="70" type="stmt" count="1"/>
      <line num="71" type="stmt" count="1"/>
      <line num="72" type="stmt" count="1"/>
      <line num="73" type="stmt" count="1"/>
      <line num="74" type="stmt" count="1"/>
      <line num="75" type="stmt" count="1"/>
      <line num="77" type="stmt" count="0"/>
      <line num="78" type="stmt" count="1"/>
      <line num="79" type="stmt" count="1"/>
      <line num="80" type="stmt" count="1"/>
      <line num="82" type="stmt" count="1"/>
      <line num="83" type="stmt" count="1"/>
      <line num="85" type="stmt" count="1"/>
      <line num="88" type="stmt" count="1"/>
      <metrics loc="89" ncloc="89" classes="1" methods="7" coveredmethods="4" conditionals="0" coveredconditionals="0" statements="34" coveredstatements="29" elements="41" coveredelements="33"/>
    </file>
    <file name="/Users/mlantz/Code/_open_source/Grafite/Html/src/Tags/Carousel.php">
      <class name="Grafite\Html\Tags\Carousel" namespace="global">
        <metrics complexity="4" methods="1" coveredmethods="0" conditionals="0" coveredconditionals="0" statements="19" coveredstatements="17" elements="20" coveredelements="17"/>
      </class>
      <line num="11" type="method" name="process" visibility="public" complexity="4" crap="4.02" count="1"/>
      <line num="13" type="stmt" count="1"/>
      <line num="15" type="stmt" count="1"/>
      <line num="16" type="stmt" count="0"/>
      <line num="19" type="stmt" count="1"/>
      <line num="20" type="stmt" count="1"/>
      <line num="21" type="stmt" count="1"/>
      <line num="22" type="stmt" count="1"/>
      <line num="23" type="stmt" count="1"/>
      <line num="25" type="stmt" count="1"/>
      <line num="26" type="stmt" count="1"/>
      <line num="27" type="stmt" count="1"/>
      <line num="28" type="stmt" count="1"/>
      <line num="30" type="stmt" count="0"/>
      <line num="31" type="stmt" count="1"/>
      <line num="33" type="stmt" count="1"/>
      <line num="36" type="stmt" count="1"/>
      <line num="38" type="stmt" count="1"/>
      <line num="42" type="stmt" count="1"/>
      <line num="48" type="stmt" count="1"/>
      <metrics loc="49" ncloc="49" classes="1" methods="1" coveredmethods="0" conditionals="0" coveredconditionals="0" statements="19" coveredstatements="17" elements="20" coveredelements="17"/>
    </file>
    <file name="/Users/mlantz/Code/_open_source/Grafite/Html/src/Tags/DropdownButton.php">
      <class name="Grafite\Html\Tags\DropdownButton" namespace="global">
        <metrics complexity="1" methods="1" coveredmethods="0" conditionals="0" coveredconditionals="0" statements="11" coveredstatements="10" elements="12" coveredelements="10"/>
      </class>
      <line num="10" type="method" name="process" visibility="public" complexity="1" crap="1.00" count="1"/>
      <line num="12" type="stmt" count="1"/>
      <line num="13" type="stmt" count="1"/>
      <line num="14" type="stmt" count="1"/>
      <line num="15" type="stmt" count="1"/>
      <line num="17" type="stmt" count="0"/>
      <line num="18" type="stmt" count="1"/>
      <line num="19" type="stmt" count="1"/>
      <line num="20" type="stmt" count="1"/>
      <line num="22" type="stmt" count="1"/>
      <line num="23" type="stmt" count="1"/>
      <line num="27" type="stmt" count="1"/>
      <metrics loc="28" ncloc="28" classes="1" methods="1" coveredmethods="0" conditionals="0" coveredconditionals="0" statements="11" coveredstatements="10" elements="12" coveredelements="10"/>
    </file>
    <file name="/Users/mlantz/Code/_open_source/Grafite/Html/src/Tags/DropdownButtonAction.php">
      <class name="Grafite\Html\Tags\DropdownButtonAction" namespace="global">
        <metrics complexity="1" methods="1" coveredmethods="0" conditionals="0" coveredconditionals="0" statements="11" coveredstatements="10" elements="12" coveredelements="10"/>
      </class>
      <line num="10" type="method" name="process" visibility="public" complexity="1" crap="1.00" count="1"/>
      <line num="12" type="stmt" count="1"/>
      <line num="13" type="stmt" count="1"/>
      <line num="14" type="stmt" count="1"/>
      <line num="15" type="stmt" count="1"/>
      <line num="17" type="stmt" count="0"/>
      <line num="18" type="stmt" count="1"/>
      <line num="19" type="stmt" count="1"/>
      <line num="20" type="stmt" count="1"/>
      <line num="23" type="stmt" count="1"/>
      <line num="24" type="stmt" count="1"/>
      <line num="28" type="stmt" count="1"/>
      <metrics loc="29" ncloc="29" classes="1" methods="1" coveredmethods="0" conditionals="0" coveredconditionals="0" statements="11" coveredstatements="10" elements="12" coveredelements="10"/>
    </file>
    <file name="/Users/mlantz/Code/_open_source/Grafite/Html/src/Tags/DropdownDivider.php">
      <class name="Grafite\Html\Tags\DropdownDivider" namespace="global">
        <metrics complexity="1" methods="1" coveredmethods="1" conditionals="0" coveredconditionals="0" statements="2" coveredstatements="2" elements="3" coveredelements="3"/>
      </class>
      <line num="9" type="method" name="process" visibility="public" complexity="1" crap="1" count="2"/>
      <line num="11" type="stmt" count="2"/>
      <line num="12" type="stmt" count="2"/>
      <metrics loc="13" ncloc="13" classes="1" methods="1" coveredmethods="1" conditionals="0" coveredconditionals="0" statements="2" coveredstatements="2" elements="3" coveredelements="3"/>
    </file>
    <file name="/Users/mlantz/Code/_open_source/Grafite/Html/src/Tags/DropdownItem.php">
      <class name="Grafite\Html\Tags\DropdownItem" namespace="global">
        <metrics complexity="1" methods="1" coveredmethods="1" conditionals="0" coveredconditionals="0" statements="4" coveredstatements="4" elements="5" coveredelements="5"/>
      </class>
      <line num="9" type="method" name="process" visibility="public" complexity="1" crap="1" count="4"/>
      <line num="11" type="stmt" count="4"/>
      <line num="12" type="stmt" count="4"/>
      <line num="14" type="stmt" count="4"/>
      <line num="15" type="stmt" count="4"/>
      <metrics loc="16" ncloc="16" classes="1" methods="1" coveredmethods="1" conditionals="0" coveredconditionals="0" statements="4" coveredstatements="4" elements="5" coveredelements="5"/>
    </file>
    <file name="/Users/mlantz/Code/_open_source/Grafite/Html/src/Tags/DropdownItemButton.php">
      <class name="Grafite\Html\Tags\DropdownItemButton" namespace="global">
        <metrics complexity="1" methods="1" coveredmethods="1" conditionals="0" coveredconditionals="0" statements="4" coveredstatements="4" elements="5" coveredelements="5"/>
      </class>
      <line num="9" type="method" name="process" visibility="public" complexity="1" crap="1" count="3"/>
      <line num="11" type="stmt" count="3"/>
      <line num="12" type="stmt" count="3"/>
      <line num="14" type="stmt" count="3"/>
      <line num="15" type="stmt" count="3"/>
      <metrics loc="16" ncloc="16" classes="1" methods="1" coveredmethods="1" conditionals="0" coveredconditionals="0" statements="4" coveredstatements="4" elements="5" coveredelements="5"/>
    </file>
    <file name="/Users/mlantz/Code/_open_source/Grafite/Html/src/Tags/Feed.php">
      <class name="Grafite\Html\Tags\Feed" namespace="global">
        <metrics complexity="2" methods="2" coveredmethods="1" conditionals="0" coveredconditionals="0" statements="8" coveredstatements="7" elements="10" coveredelements="8"/>
      </class>
      <line num="11" type="method" name="process" visibility="public" complexity="1" crap="1.01" count="1"/>
      <line num="13" type="stmt" count="1"/>
      <line num="15" type="stmt" count="0"/>
      <line num="16" type="stmt" count="1"/>
      <line num="17" type="stmt" count="1"/>
      <line num="20" type="stmt" count="1"/>
      <line num="22" type="method" name="styles" visibility="public" complexity="1" crap="1" count="1"/>
      <line num="24" type="stmt" count="1"/>
      <line num="27" type="stmt" count="1"/>
      <line num="53" type="stmt" count="1"/>
      <metrics loc="71" ncloc="71" classes="1" methods="2" coveredmethods="1" conditionals="0" coveredconditionals="0" statements="8" coveredstatements="7" elements="10" coveredelements="8"/>
    </file>
    <file name="/Users/mlantz/Code/_open_source/Grafite/Html/src/Tags/FeedItem.php">
      <class name="Grafite\Html\Tags\FeedItem" namespace="global">
        <metrics complexity="4" methods="4" coveredmethods="3" conditionals="0" coveredconditionals="0" statements="18" coveredstatements="17" elements="22" coveredelements="20"/>
      </class>
      <line num="14" type="method" name="content" visibility="public" complexity="1" crap="1" count="1"/>
      <line num="16" type="stmt" count="1"/>
      <line num="18" type="stmt" count="1"/>
      <line num="21" type="method" name="date" visibility="public" complexity="1" crap="1" count="1"/>
      <line num="23" type="stmt" count="1"/>
      <line num="25" type="stmt" count="1"/>
      <line num="28" type="method" name="icon" visibility="public" complexity="1" crap="1" count="1"/>
      <line num="30" type="stmt" count="1"/>
      <line num="31" type="stmt" count="1"/>
      <line num="33" type="stmt" count="1"/>
      <line num="36" type="method" name="process" visibility="public" complexity="1" crap="1.00" count="1"/>
      <line num="38" type="stmt" count="1"/>
      <line num="39" type="stmt" count="1"/>
      <line num="40" type="stmt" count="1"/>
      <line num="41" type="stmt" count="1"/>
      <line num="43" type="stmt" count="0"/>
      <line num="44" type="stmt" count="1"/>
      <line num="46" type="stmt" count="1"/>
      <line num="48" type="stmt" count="1"/>
      <line num="49" type="stmt" count="1"/>
      <line num="52" type="stmt" count="1"/>
      <line num="56" type="stmt" count="1"/>
      <metrics loc="57" ncloc="57" classes="1" methods="4" coveredmethods="3" conditionals="0" coveredconditionals="0" statements="18" coveredstatements="17" elements="22" coveredelements="20"/>
    </file>
    <file name="/Users/mlantz/Code/_open_source/Grafite/Html/src/Tags/HtmlComponent.php">
      <class name="Grafite\Html\Tags\HtmlComponent" namespace="global">
        <metrics complexity="27" methods="16" coveredmethods="15" conditionals="0" coveredconditionals="0" statements="56" coveredstatements="53" elements="72" coveredelements="68"/>
      </class>
      <line num="22" type="method" name="make" visibility="public" complexity="2" crap="2" count="19"/>
      <line num="24" type="stmt" count="19"/>
      <line num="25" type="stmt" count="19"/>
      <line num="27" type="stmt" count="19"/>
      <line num="28" type="stmt" count="19"/>
      <line num="29" type="stmt" count="19"/>
      <line num="32" type="stmt" count="19"/>
      <line num="33" type="stmt" count="19"/>
      <line num="35" type="stmt" count="19"/>
      <line num="38" type="method" name="onClick" visibility="public" complexity="1" crap="1" count="4"/>
      <line num="40" type="stmt" count="4"/>
      <line num="42" type="stmt" count="4"/>
      <line num="45" type="method" name="items" visibility="public" complexity="1" crap="1" count="9"/>
      <line num="47" type="stmt" count="9"/>
      <line num="49" type="stmt" count="9"/>
      <line num="52" type="method" name="css" visibility="public" complexity="1" crap="1" count="5"/>
      <line num="54" type="stmt" count="5"/>
      <line num="56" type="stmt" count="5"/>
      <line num="59" type="method" name="url" visibility="public" complexity="1" crap="1" count="4"/>
      <line num="61" type="stmt" count="4"/>
      <line num="63" type="stmt" count="4"/>
      <line num="66" type="method" name="id" visibility="public" complexity="1" crap="1" count="1"/>
      <line num="68" type="stmt" count="1"/>
      <line num="70" type="stmt" count="1"/>
      <line num="72" type="stmt" count="1"/>
      <line num="75" type="method" name="text" visibility="public" complexity="1" crap="1" count="11"/>
      <line num="77" type="stmt" count="11"/>
      <line num="79" type="stmt" count="11"/>
      <line num="82" type="method" name="attributes" visibility="public" complexity="1" crap="1" count="3"/>
      <line num="84" type="stmt" count="3"/>
      <line num="86" type="stmt" count="3"/>
      <line num="89" type="method" name="renderWhen" visibility="public" complexity="2" crap="2" count="3"/>
      <line num="91" type="stmt" count="3"/>
      <line num="92" type="stmt" count="3"/>
      <line num="94" type="stmt" count="3"/>
      <line num="95" type="stmt" count="3"/>
      <line num="96" type="stmt" count="3"/>
      <line num="97" type="stmt" count="3"/>
      <line num="99" type="stmt" count="3"/>
      <line num="102" type="stmt" count="1"/>
      <line num="105" type="method" name="render" visibility="public" complexity="1" crap="1" count="19"/>
      <line num="107" type="stmt" count="19"/>
      <line num="109" type="stmt" count="19"/>
      <line num="110" type="stmt" count="19"/>
      <line num="111" type="stmt" count="19"/>
      <line num="112" type="stmt" count="19"/>
      <line num="114" type="stmt" count="19"/>
      <line num="117" type="method" name="usingBootstrap5" visibility="public" complexity="1" crap="1" count="2"/>
      <line num="119" type="stmt" count="2"/>
      <line num="122" type="method" name="scripts" visibility="public" complexity="1" crap="1" count="19"/>
      <line num="124" type="stmt" count="19"/>
      <line num="127" type="method" name="js" visibility="public" complexity="1" crap="1" count="19"/>
      <line num="129" type="stmt" count="19"/>
      <line num="132" type="method" name="styles" visibility="public" complexity="1" crap="1" count="19"/>
      <line num="134" type="stmt" count="19"/>
      <line num="137" type="method" name="processAttributes" visibility="public" complexity="3" crap="3" count="4"/>
      <line num="139" type="stmt" count="4"/>
      <line num="141" type="stmt" count="4"/>
      <line num="143" type="stmt" count="4"/>
      <line num="144" type="stmt" count="4"/>
      <line num="145" type="stmt" count="4"/>
      <line num="149" type="stmt" count="4"/>
      <line num="152" type="method" name="attributeElement" visibility="public" complexity="8" crap="10.37" count="4"/>
      <line num="154" type="stmt" count="4"/>
      <line num="155" type="stmt" count="3"/>
      <line num="158" type="stmt" count="4"/>
      <line num="159" type="stmt" count="0"/>
      <line num="162" type="stmt" count="4"/>
      <line num="163" type="stmt" count="0"/>
      <line num="166" type="stmt" count="4"/>
      <line num="167" type="stmt" count="4"/>
      <line num="169" type="stmt" count="0"/>
      <metrics loc="170" ncloc="170" classes="1" methods="16" coveredmethods="15" conditionals="0" coveredconditionals="0" statements="56" coveredstatements="53" elements="72" coveredelements="68"/>
    </file>
    <file name="/Users/mlantz/Code/_open_source/Grafite/Html/src/Tags/ListGroup.php">
      <class name="Grafite\Html\Tags\ListGroup" namespace="global">
        <metrics complexity="4" methods="2" coveredmethods="0" conditionals="0" coveredconditionals="0" statements="12" coveredstatements="10" elements="14" coveredelements="10"/>
      </class>
      <line num="9" type="method" name="process" visibility="public" complexity="1" crap="1.01" count="1"/>
      <line num="11" type="stmt" count="1"/>
      <line num="13" type="stmt" count="0"/>
      <line num="14" type="stmt" count="1"/>
      <line num="15" type="stmt" count="1"/>
      <line num="18" type="stmt" count="1"/>
      <line num="20" type="method" name="processLinks" visibility="public" complexity="3" crap="3.03" count="1"/>
      <line num="22" type="stmt" count="1"/>
      <line num="23" type="stmt" count="1"/>
      <line num="25" type="stmt" count="1"/>
      <line num="26" type="stmt" count="1"/>
      <line num="27" type="stmt" count="0"/>
      <line num="30" type="stmt" count="1"/>
      <line num="33" type="stmt" count="1"/>
      <metrics loc="35" ncloc="35" classes="1" methods="2" coveredmethods="0" conditionals="0" coveredconditionals="0" statements="12" coveredstatements="10" elements="14" coveredelements="10"/>
    </file>
    <file name="/Users/mlantz/Code/_open_source/Grafite/Html/src/Tags/Modal.php">
      <class name="Grafite\Html\Tags\Modal" namespace="global">
        <metrics complexity="12" methods="6" coveredmethods="4" conditionals="0" coveredconditionals="0" statements="36" coveredstatements="31" elements="42" coveredelements="35"/>
      </class>
      <line num="16" type="method" name="content" visibility="public" complexity="1" crap="1" count="1"/>
      <line num="18" type="stmt" count="1"/>
      <line num="20" type="stmt" count="1"/>
      <line num="23" type="method" name="isStatic" visibility="public" complexity="1" crap="1" count="1"/>
      <line num="25" type="stmt" count="1"/>
      <line num="27" type="stmt" count="1"/>
      <line num="30" type="method" name="footer" visibility="public" complexity="1" crap="2" count="0"/>
      <line num="32" type="stmt" count="0"/>
      <line num="34" type="stmt" count="0"/>
      <line num="37" type="method" name="title" visibility="public" complexity="1" crap="1" count="1"/>
      <line num="39" type="stmt" count="1"/>
      <line num="41" type="stmt" count="1"/>
      <line num="44" type="method" name="dismiss" visibility="public" complexity="1" crap="1" count="1"/>
      <line num="46" type="stmt" count="1"/>
      <line num="48" type="stmt" count="1"/>
      <line num="51" type="method" name="process" visibility="public" complexity="7" crap="7.08" count="1"/>
      <line num="53" type="stmt" count="1"/>
      <line num="54" type="stmt" count="1"/>
      <line num="55" type="stmt" count="1"/>
      <line num="56" type="stmt" count="1"/>
      <line num="57" type="stmt" count="1"/>
      <line num="58" type="stmt" count="1"/>
      <line num="59" type="stmt" count="1"/>
      <line num="60" type="stmt" count="1"/>
      <line num="62" type="stmt" count="1"/>
      <line num="66" type="stmt" count="1"/>
      <line num="67" type="stmt" count="1"/>
      <line num="70" type="stmt" count="1"/>
      <line num="71" type="stmt" count="1"/>
      <line num="73" type="stmt" count="1"/>
      <line num="74" type="stmt" count="0"/>
      <line num="78" type="stmt" count="1"/>
      <line num="79" type="stmt" count="0"/>
      <line num="82" type="stmt" count="0"/>
      <line num="83" type="stmt" count="1"/>
      <line num="84" type="stmt" count="1"/>
      <line num="87" type="stmt" count="1"/>
      <line num="91" type="stmt" count="1"/>
      <line num="92" type="stmt" count="1"/>
      <line num="95" type="stmt" count="1"/>
      <line num="97" type="stmt" count="1"/>
      <line num="102" type="stmt" count="1"/>
      <metrics loc="103" ncloc="102" classes="1" methods="6" coveredmethods="4" conditionals="0" coveredconditionals="0" statements="36" coveredstatements="31" elements="42" coveredelements="35"/>
    </file>
    <file name="/Users/mlantz/Code/_open_source/Grafite/Html/src/Tags/Nav.php">
      <class name="Grafite\Html\Tags\Nav" namespace="global">
        <metrics complexity="5" methods="3" coveredmethods="1" conditionals="0" coveredconditionals="0" statements="16" coveredstatements="12" elements="19" coveredelements="13"/>
      </class>
      <line num="11" type="method" name="pills" visibility="public" complexity="1" crap="1" count="1"/>
      <line num="13" type="stmt" count="1"/>
      <line num="15" type="stmt" count="1"/>
      <line num="18" type="method" name="tabs" visibility="public" complexity="1" crap="2" count="0"/>
      <line num="20" type="stmt" count="0"/>
      <line num="22" type="stmt" count="0"/>
      <line num="25" type="method" name="process" visibility="public" complexity="3" crap="3.04" count="1"/>
      <line num="27" type="stmt" count="1"/>
      <line num="29" type="stmt" count="1"/>
      <line num="30" type="stmt" count="1"/>
      <line num="33" type="stmt" count="1"/>
      <line num="34" type="stmt" count="0"/>
      <line num="37" type="stmt" count="1"/>
      <line num="38" type="stmt" count="1"/>
      <line num="41" type="stmt" count="1"/>
      <line num="43" type="stmt" count="0"/>
      <line num="44" type="stmt" count="1"/>
      <line num="45" type="stmt" count="1"/>
      <line num="48" type="stmt" count="1"/>
      <metrics loc="49" ncloc="49" classes="1" methods="3" coveredmethods="1" conditionals="0" coveredconditionals="0" statements="16" coveredstatements="12" elements="19" coveredelements="13"/>
    </file>
    <file name="/Users/mlantz/Code/_open_source/Grafite/Html/src/Tags/NavBar.php">
      <class name="Grafite\Html\Tags\NavBar" namespace="global">
        <metrics complexity="4" methods="2" coveredmethods="1" conditionals="0" coveredconditionals="0" statements="20" coveredstatements="19" elements="22" coveredelements="20"/>
      </class>
      <line num="12" type="method" name="brand" visibility="public" complexity="1" crap="1" count="1"/>
      <line num="14" type="stmt" count="1"/>
      <line num="16" type="stmt" count="1"/>
      <line num="19" type="method" name="process" visibility="public" complexity="3" crap="3.00" count="1"/>
      <line num="21" type="stmt" count="1"/>
      <line num="23" type="stmt" count="1"/>
      <line num="24" type="stmt" count="1"/>
      <line num="27" type="stmt" count="1"/>
      <line num="29" type="stmt" count="1"/>
      <line num="30" type="stmt" count="1"/>
      <line num="33" type="stmt" count="1"/>
      <line num="34" type="stmt" count="1"/>
      <line num="37" type="stmt" count="1"/>
      <line num="39" type="stmt" count="0"/>
      <line num="40" type="stmt" count="1"/>
      <line num="42" type="stmt" count="1"/>
      <line num="47" type="stmt" count="1"/>
      <line num="49" type="stmt" count="1"/>
      <line num="50" type="stmt" count="1"/>
      <line num="57" type="stmt" count="1"/>
      <line num="59" type="stmt" count="1"/>
      <line num="65" type="stmt" count="1"/>
      <metrics loc="66" ncloc="66" classes="1" methods="2" coveredmethods="1" conditionals="0" coveredconditionals="0" statements="20" coveredstatements="19" elements="22" coveredelements="20"/>
    </file>
    <file name="/Users/mlantz/Code/_open_source/Grafite/Html/src/Tags/NavButton.php">
      <class name="Grafite\Html\Tags\NavButton" namespace="global">
        <metrics complexity="3" methods="1" coveredmethods="0" conditionals="0" coveredconditionals="0" statements="12" coveredstatements="10" elements="13" coveredelements="10"/>
      </class>
      <line num="11" type="method" name="process" visibility="public" complexity="3" crap="3.04" count="2"/>
      <line num="13" type="stmt" count="2"/>
      <line num="15" type="stmt" count="2"/>
      <line num="16" type="stmt" count="0"/>
      <line num="19" type="stmt" count="2"/>
      <line num="21" type="stmt" count="2"/>
      <line num="22" type="stmt" count="2"/>
      <line num="23" type="stmt" count="2"/>
      <line num="26" type="stmt" count="2"/>
      <line num="28" type="stmt" count="0"/>
      <line num="29" type="stmt" count="2"/>
      <line num="30" type="stmt" count="2"/>
      <line num="33" type="stmt" count="2"/>
      <metrics loc="34" ncloc="34" classes="1" methods="1" coveredmethods="0" conditionals="0" coveredconditionals="0" statements="12" coveredstatements="10" elements="13" coveredelements="10"/>
    </file>
    <file name="/Users/mlantz/Code/_open_source/Grafite/Html/src/Tags/NavDropdown.php">
      <class name="Grafite\Html\Tags\NavDropdown" namespace="global">
        <metrics complexity="1" methods="1" coveredmethods="0" conditionals="0" coveredconditionals="0" statements="7" coveredstatements="6" elements="8" coveredelements="6"/>
      </class>
      <line num="9" type="method" name="process" visibility="public" complexity="1" crap="1.00" count="2"/>
      <line num="11" type="stmt" count="2"/>
      <line num="12" type="stmt" count="2"/>
      <line num="14" type="stmt" count="0"/>
      <line num="15" type="stmt" count="2"/>
      <line num="16" type="stmt" count="2"/>
      <line num="18" type="stmt" count="2"/>
      <line num="22" type="stmt" count="2"/>
      <metrics loc="23" ncloc="23" classes="1" methods="1" coveredmethods="0" conditionals="0" coveredconditionals="0" statements="7" coveredstatements="6" elements="8" coveredelements="6"/>
    </file>
    <file name="/Users/mlantz/Code/_open_source/Grafite/Html/src/Tags/NavLink.php">
      <class name="Grafite\Html\Tags\NavLink" namespace="global">
        <metrics complexity="3" methods="2" coveredmethods="1" conditionals="0" coveredconditionals="0" statements="11" coveredstatements="10" elements="13" coveredelements="11"/>
      </class>
      <line num="12" type="method" name="url" visibility="public" complexity="1" crap="1" count="3"/>
      <line num="14" type="stmt" count="3"/>
      <line num="16" type="stmt" count="3"/>
      <line num="19" type="method" name="process" visibility="public" complexity="2" crap="2.01" count="3"/>
      <line num="21" type="stmt" count="3"/>
      <line num="23" type="stmt" count="3"/>
      <line num="24" type="stmt" count="3"/>
      <line num="25" type="stmt" count="3"/>
      <line num="28" type="stmt" count="3"/>
      <line num="30" type="stmt" count="0"/>
      <line num="31" type="stmt" count="3"/>
      <line num="32" type="stmt" count="3"/>
      <line num="35" type="stmt" count="3"/>
      <metrics loc="36" ncloc="36" classes="1" methods="2" coveredmethods="1" conditionals="0" coveredconditionals="0" statements="11" coveredstatements="10" elements="13" coveredelements="11"/>
    </file>
    <file name="/Users/mlantz/Code/_open_source/Grafite/Html/src/Tags/Progress.php">
      <class name="Grafite\Html\Tags\Progress" namespace="global">
        <metrics complexity="4" methods="4" coveredmethods="3" conditionals="0" coveredconditionals="0" statements="14" coveredstatements="13" elements="18" coveredelements="16"/>
      </class>
      <line num="13" type="method" name="now" visibility="public" complexity="1" crap="1" count="1"/>
      <line num="15" type="stmt" count="1"/>
      <line num="17" type="stmt" count="1"/>
      <line num="20" type="method" name="min" visibility="public" complexity="1" crap="1" count="1"/>
      <line num="22" type="stmt" count="1"/>
      <line num="24" type="stmt" count="1"/>
      <line num="27" type="method" name="max" visibility="public" complexity="1" crap="1" count="1"/>
      <line num="29" type="stmt" count="1"/>
      <line num="31" type="stmt" count="1"/>
      <line num="34" type="method" name="process" visibility="public" complexity="1" crap="1.00" count="1"/>
      <line num="36" type="stmt" count="1"/>
      <line num="37" type="stmt" count="1"/>
      <line num="38" type="stmt" count="1"/>
      <line num="39" type="stmt" count="1"/>
      <line num="41" type="stmt" count="0"/>
      <line num="42" type="stmt" count="1"/>
      <line num="43" type="stmt" count="1"/>
      <line num="46" type="stmt" count="1"/>
      <metrics loc="47" ncloc="47" classes="1" methods="4" coveredmethods="3" conditionals="0" coveredconditionals="0" statements="14" coveredstatements="13" elements="18" coveredelements="16"/>
    </file>
    <file name="/Users/mlantz/Code/_open_source/Grafite/Html/src/Tags/SortTextWithIcon.php">
      <class name="Grafite\Html\Tags\SortTextWithIcon" namespace="global">
        <metrics complexity="8" methods="3" coveredmethods="0" conditionals="0" coveredconditionals="0" statements="13" coveredstatements="0" elements="16" coveredelements="0"/>
      </class>
      <line num="11" type="method" name="field" visibility="public" complexity="1" crap="2" count="0"/>
      <line num="13" type="stmt" count="0"/>
      <line num="15" type="stmt" count="0"/>
      <line num="18" type="method" name="process" visibility="public" complexity="6" crap="42" count="0"/>
      <line num="20" type="stmt" count="0"/>
      <line num="21" type="stmt" count="0"/>
      <line num="23" type="stmt" count="0"/>
      <line num="24" type="stmt" count="0"/>
      <line num="27" type="stmt" count="0"/>
      <line num="28" type="stmt" count="0"/>
      <line num="29" type="stmt" count="0"/>
      <line num="30" type="stmt" count="0"/>
      <line num="32" type="stmt" count="0"/>
      <line num="33" type="stmt" count="0"/>
      <line num="35" type="method" name="styles" visibility="public" complexity="1" crap="2" count="0"/>
      <line num="38" type="stmt" count="0"/>
      <metrics loc="43" ncloc="43" classes="1" methods="3" coveredmethods="0" conditionals="0" coveredconditionals="0" statements="13" coveredstatements="0" elements="16" coveredelements="0"/>
    </file>
    <file name="/Users/mlantz/Code/_open_source/Grafite/Html/src/Tags/Spinner.php">
      <class name="Grafite\Html\Tags\Spinner" namespace="global">
        <metrics complexity="1" methods="1" coveredmethods="0" conditionals="0" coveredconditionals="0" statements="4" coveredstatements="3" elements="5" coveredelements="3"/>
      </class>
      <line num="9" type="method" name="process" visibility="public" complexity="1" crap="1.02" count="1"/>
      <line num="11" type="stmt" count="1"/>
      <line num="13" type="stmt" count="0"/>
      <line num="14" type="stmt" count="1"/>
      <line num="18" type="stmt" count="1"/>
      <metrics loc="19" ncloc="19" classes="1" methods="1" coveredmethods="0" conditionals="0" coveredconditionals="0" statements="4" coveredstatements="3" elements="5" coveredelements="3"/>
    </file>
    <file name="/Users/mlantz/Code/_open_source/Grafite/Html/src/Tags/Table.php">
      <class name="Grafite\Html\Tags\Table" namespace="global">
        <metrics complexity="18" methods="5" coveredmethods="0" conditionals="0" coveredconditionals="0" statements="58" coveredstatements="0" elements="63" coveredelements="0"/>
      </class>
      <line num="17" type="method" name="collection" visibility="public" complexity="1" crap="2" count="0"/>
      <line num="19" type="stmt" count="0"/>
      <line num="21" type="stmt" count="0"/>
      <line num="24" type="method" name="keys" visibility="public" complexity="1" crap="2" count="0"/>
      <line num="26" type="stmt" count="0"/>
      <line num="28" type="stmt" count="0"/>
      <line num="31" type="method" name="sortable" visibility="public" complexity="1" crap="2" count="0"/>
      <line num="33" type="stmt" count="0"/>
      <line num="35" type="stmt" count="0"/>
      <line num="38" type="method" name="headers" visibility="public" complexity="1" crap="2" count="0"/>
      <line num="40" type="stmt" count="0"/>
      <line num="42" type="stmt" count="0"/>
      <line num="45" type="method" name="process" visibility="public" complexity="14" crap="210" count="0"/>
      <line num="47" type="stmt" count="0"/>
      <line num="48" type="stmt" count="0"/>
      <line num="49" type="stmt" count="0"/>
      <line num="50" type="stmt" count="0"/>
      <line num="52" type="stmt" count="0"/>
      <line num="55" type="stmt" count="0"/>
      <line num="56" type="stmt" count="0"/>
      <line num="58" type="stmt" count="0"/>
      <line num="59" type="stmt" count="0"/>
      <line num="62" type="stmt" count="0"/>
      <line num="63" type="stmt" count="0"/>
      <line num="65" type="stmt" count="0"/>
      <line num="66" type="stmt" count="0"/>
      <line num="67" type="stmt" count="0"/>
      <line num="68" type="stmt" count="0"/>
      <line num="71" type="stmt" count="0"/>
      <line num="72" type="stmt" count="0"/>
      <line num="76" type="stmt" count="0"/>
      <line num="77" type="stmt" count="0"/>
      <line num="78" type="stmt" count="0"/>
      <line num="79" type="stmt" count="0"/>
      <line num="81" type="stmt" count="0"/>
      <line num="83" type="stmt" count="0"/>
      <line num="84" type="stmt" count="0"/>
      <line num="86" type="stmt" count="0"/>
      <line num="87" type="stmt" count="0"/>
      <line num="90" type="stmt" count="0"/>
      <line num="91" type="stmt" count="0"/>
      <line num="92" type="stmt" count="0"/>
      <line num="93" type="stmt" count="0"/>
      <line num="96" type="stmt" count="0"/>
      <line num="97" type="stmt" count="0"/>
      <line num="99" type="stmt" count="0"/>
      <line num="100" type="stmt" count="0"/>
      <line num="101" type="stmt" count="0"/>
      <line num="102" type="stmt" count="0"/>
      <line num="105" type="stmt" count="0"/>
      <line num="106" type="stmt" count="0"/>
      <line num="110" type="stmt" count="0"/>
      <line num="111" type="stmt" count="0"/>
      <line num="115" type="stmt" count="0"/>
      <line num="116" type="stmt" count="0"/>
      <line num="118" type="stmt" count="0"/>
      <line num="120" type="stmt" count="0"/>
      <line num="121" type="stmt" count="0"/>
      <line num="124" type="stmt" count="0"/>
      <line num="127" type="stmt" count="0"/>
      <line num="128" type="stmt" count="0"/>
      <line num="130" type="stmt" count="0"/>
      <line num="131" type="stmt" count="0"/>
      <metrics loc="132" ncloc="129" classes="1" methods="5" coveredmethods="0" conditionals="0" coveredconditionals="0" statements="58" coveredstatements="0" elements="63" coveredelements="0"/>
    </file>
    <metrics files="25" loc="1408" ncloc="1365" classes="25" methods="80" coveredmethods="41" conditionals="0" coveredconditionals="0" statements="459" coveredstatements="317" elements="539" coveredelements="358"/>
  </project>
</coverage>
